\BOOKMARK [0][-]{chapter.1}{Class}{}% 1
\BOOKMARK [1][-]{section.1.1}{MATH 534}{chapter.1}% 2
\BOOKMARK [2][-]{subsection.1.1.1}{Chapter 1}{section.1.1}% 3
\BOOKMARK [2][-]{subsection.1.1.2}{Chapter 2}{section.1.1}% 4
\BOOKMARK [2][-]{subsection.1.1.3}{Chapter 3}{section.1.1}% 5
\BOOKMARK [2][-]{subsection.1.1.4}{Chapter 4}{section.1.1}% 6
\BOOKMARK [2][-]{subsection.1.1.5}{Chapter 5}{section.1.1}% 7
\BOOKMARK [2][-]{subsection.1.1.6}{Chapter 6}{section.1.1}% 8
\BOOKMARK [2][-]{subsection.1.1.7}{Chapter 7}{section.1.1}% 9
\BOOKMARK [1][-]{section.1.2}{MATH 535}{chapter.1}% 10
\BOOKMARK [2][-]{subsection.1.2.1}{Chapter 8}{section.1.2}% 11
\BOOKMARK [2][-]{subsection.1.2.2}{Chapter 9}{section.1.2}% 12
\BOOKMARK [2][-]{subsection.1.2.3}{Chapter 10}{section.1.2}% 13
\BOOKMARK [2][-]{subsection.1.2.4}{Chapter 11}{section.1.2}% 14
\BOOKMARK [0][-]{chapter.2}{UW Prelims}{}% 15
\BOOKMARK [1][-]{section.2.1}{UW 2012}{chapter.2}% 16
\BOOKMARK [1][-]{section.2.2}{UW 2011}{chapter.2}% 17
\BOOKMARK [1][-]{section.2.3}{UW 2010}{chapter.2}% 18
\BOOKMARK [1][-]{section.2.4}{UW 2009}{chapter.2}% 19
\BOOKMARK [1][-]{section.2.5}{UW 2008}{chapter.2}% 20
\BOOKMARK [1][-]{section.2.6}{UW 2007}{chapter.2}% 21
\BOOKMARK [1][-]{section.2.7}{UW 2006}{chapter.2}% 22
\BOOKMARK [1][-]{section.2.8}{UW 2005}{chapter.2}% 23
\BOOKMARK [1][-]{section.2.9}{UW 2004}{chapter.2}% 24
\BOOKMARK [1][-]{section.2.10}{UW 2003}{chapter.2}% 25
\BOOKMARK [0][-]{chapter.3}{TAMU Prelims}{}% 26
\BOOKMARK [1][-]{section.3.1}{TAMU January 2013}{chapter.3}% 27
\BOOKMARK [1][-]{section.3.2}{TAMU August 2012}{chapter.3}% 28
\BOOKMARK [1][-]{section.3.3}{TAMU January 2009}{chapter.3}% 29
\BOOKMARK [0][-]{chapter.4}{Other Prelims}{}% 30
\BOOKMARK [1][-]{section.4.1}{Temple January 2012}{chapter.4}% 31
\BOOKMARK [1][-]{section.4.2}{Temple August 2012}{chapter.4}% 32
\BOOKMARK [1][-]{section.4.3}{Stanford Problems}{chapter.4}% 33
\BOOKMARK [2][-]{subsection.4.3.1}{Fall 1998}{section.4.3}% 34
\BOOKMARK [2][-]{subsection.4.3.2}{Spring 1998}{section.4.3}% 35
\BOOKMARK [1][-]{section.4.4}{Wisconsin Problems}{chapter.4}% 36
\BOOKMARK [1][-]{section.4.5}{Columbia 1997}{chapter.4}% 37
\BOOKMARK [1][-]{section.4.6}{Columbia Analysis}{chapter.4}% 38
\BOOKMARK [0][-]{chapter.5}{Miscellaneous Problems}{}% 39
\BOOKMARK [1][-]{section.5.1}{Notes to myself}{chapter.5}% 40
